Log file open, 05/18/17 02:53:43
LogInit:Display: Running engine for game: TakeHomeExam
LogPlatformFile: Not using cached read wrapper
LogInit:Display: RandInit(-2078614081) SRandInit(-2078614081).
LogTaskGraph: Started task graph with 5 named threads and 8 total threads with 1 sets of task threads.
LogStats: Stats thread started at 0.081062
LogInit: Using libcurl 7.47.1
LogInit:  - built for x86_64-pc-win32
LogInit:  - supports SSL with OpenSSL/1.0.2g
LogInit:  - supports HTTP deflate (compression) using libz 1.2.8
LogInit:  - other features:
LogInit:      CURL_VERSION_SSL
LogInit:      CURL_VERSION_LIBZ
LogInit:      CURL_VERSION_IPV6
LogInit:      CURL_VERSION_ASYNCHDNS
LogInit:      CURL_VERSION_LARGEFILE
LogInit:      CURL_VERSION_IDN
LogInit:  CurlRequestOptions (configurable via config and command line):
LogInit:  - bVerifyPeer = false  - Libcurl will NOT verify peer certificate
LogInit:  - bUseHttpProxy = false  - Libcurl will NOT use HTTP proxy
LogInit:  - bDontReuseConnections = false  - Libcurl will reuse connections
LogInit:  - CertBundlePath = nullptr  - Libcurl will use whatever was configured at build time.
LogInit: Build: ++UE4+Release-4.15-CL-3416026
LogInit: Engine Version: 4.15.2-3416026+++UE4+Release-4.15
LogInit: Compatible Engine Version: 4.15.0-3299760+++UE4+Release-4.15
LogInit: Net CL: 3299760
LogDevObjectVersion: Number of dev versions registered: 14
LogDevObjectVersion:   Dev-Blueprints (B0D832E4-1F89-4F0D-ACCF-7EB736FD4AA2): 8
LogDevObjectVersion:   Dev-Build (E1C64328-A22C-4D53-A36C-8E866417BD8C): 0
LogDevObjectVersion:   Dev-Core (375EC13C-06E4-48FB-B500-84F0262A717E): 2
LogDevObjectVersion:   Dev-Editor (E4B068ED-F494-42E9-A231-DA0B2E46BB41): 14
LogDevObjectVersion:   Dev-Framework (CFFC743F-43B0-4480-9391-14DF171D2073): 22
LogDevObjectVersion:   Dev-Mobile (B02B49B5-BB20-44E9-A304-32B752E40360): 0
LogDevObjectVersion:   Dev-Networking (A4E4105C-59A1-49B5-A7C5-40C4547EDFEE): 0
LogDevObjectVersion:   Dev-Online (39C831C9-5AE6-47DC-9A44-9C173E1C8E7C): 0
LogDevObjectVersion:   Dev-Physics (78F01B33-EBEA-4F98-B9B4-84EACCB95AA2): 0
LogDevObjectVersion:   Dev-Platform (6631380F-2D4D-43E0-8009-CF276956A95A): 0
LogDevObjectVersion:   Dev-Rendering (12F88B9F-8875-4AFC-A67C-D90C383ABD29): 12
LogDevObjectVersion:   Dev-Sequencer (7B5AE74C-D270-4C10-A958-57980B212A5A): 3
LogDevObjectVersion:   Dev-VR (D7296918-1DD6-4BDD-9DE2-64A83CC13884): 0
LogDevObjectVersion:   Dev-LoadTimes (C2A15278-BFE7-4AFE-6C17-90FF531DF755): 1
LogInit: Compiled (64-bit): May  1 2017 13:11:28
LogInit: Compiled with Visual C++: 19.00.23026.00
LogInit: Build Configuration: Development
LogInit: Branch Name: ++UE4+Release-4.15
LogInit: Command line:  
LogInit: Base directory: C:/Program Files/Epic Games/UE_4.15/Engine/Binaries/Win64/
LogInit: Installed Engine Build: 1
LogInit: Presizing for max 8388607 objects, including 0 objects not considered by GC, pre-allocating 0 bytes for permanent pool.
LogInit: Object subsystem initialized
[2017.05.17-17.53.44:792][  0]LogInit: Selected Device Profile: [Windows]
[2017.05.17-17.53.44:792][  0]LogInit: Applying CVar settings loaded from the selected device profile: [Windows]
[2017.05.17-17.53.44:801][  0]LogInit: Computer: CHANU-NOTEBOOK
[2017.05.17-17.53.44:801][  0]LogInit: User: ChanU
[2017.05.17-17.53.44:801][  0]LogInit: CPU Page size=65536, Cores=4
[2017.05.17-17.53.44:801][  0]LogInit: High frequency timer resolution =2.338359 MHz
[2017.05.17-17.53.44:801][  0]LogMemory: Memory total: Physical=7.9GB (8GB approx)
[2017.05.17-17.53.44:801][  0]LogMemory: Platform Memory Stats for Windows
[2017.05.17-17.53.44:801][  0]LogMemory: Process Physical Memory: 265.49 MB used, 265.49 MB peak
[2017.05.17-17.53.44:801][  0]LogMemory: Process Virtual Memory: 265.33 MB used, 265.33 MB peak
[2017.05.17-17.53.44:801][  0]LogMemory: Physical Memory: 3758.66 MB used,  4350.84 MB free, 8109.50 MB total
[2017.05.17-17.53.44:801][  0]LogMemory: Virtual Memory: 629.65 MB used,  4350.84 MB free, 8388608.00 MB total
[2017.05.17-17.53.44:932][  0]LogInit: Overriding culture en with editor configuration.
[2017.05.17-17.53.45:708][  0]LogD3D11RHI: D3D11 adapters:
[2017.05.17-17.53.45:734][  0]LogD3D11RHI:    0. 'NVIDIA GeForce GTX 765M' (Feature Level 11_0)
[2017.05.17-17.53.45:734][  0]LogD3D11RHI:       1990/0/3798 MB DedicatedVideo/DedicatedSystem/SharedSystem, Outputs:1, VendorId:0x10de
[2017.05.17-17.53.45:735][  0]LogD3D11RHI: Chosen D3D11 Adapter: 0
[2017.05.17-17.53.45:741][  0]LogD3D11RHI: Creating new Direct3DDevice
[2017.05.17-17.53.45:741][  0]LogD3D11RHI:     GPU DeviceId: 0x11e2 (for the marketing name, search the web for "GPU Device Id")
[2017.05.17-17.53.45:741][  0]LogWindows: EnumDisplayDevices:
[2017.05.17-17.53.45:742][  0]LogWindows:    0. 'NVIDIA GeForce GTX 765M' (P:1 D:1)
[2017.05.17-17.53.45:742][  0]LogWindows:    1. 'NVIDIA GeForce GTX 765M' (P:0 D:0)
[2017.05.17-17.53.45:743][  0]LogWindows:    2. 'NVIDIA GeForce GTX 765M' (P:0 D:0)
[2017.05.17-17.53.45:743][  0]LogWindows:    3. 'NVIDIA GeForce GTX 765M' (P:0 D:0)
[2017.05.17-17.53.45:743][  0]LogWindows:    4. 'RDPDD Chained DD' (P:0 D:0)
[2017.05.17-17.53.45:744][  0]LogWindows:    5. 'RDP Encoder Mirror Driver' (P:0 D:0)
[2017.05.17-17.53.45:745][  0]LogWindows:    6. 'RDP Reflector Display Driver' (P:0 D:0)
[2017.05.17-17.53.45:745][  0]LogWindows: DebugString: GetVideoDriverDetailsInvalid PrimaryIsNotTheChoosenAdapter GetVideoDriverDetailsInvalid PrimaryIsNotTheChoosenAdapter GetVideoDriverDetailsInvalid PrimaryIsNotTheChoosenAdapter FoundDriverCount:4 
[2017.05.17-17.53.45:745][  0]LogD3D11RHI:     Adapter Name: NVIDIA GeForce GTX 765M
[2017.05.17-17.53.45:745][  0]LogD3D11RHI:   Driver Version: 378.92 (internal:21.21.13.7892, unified:378.92)
[2017.05.17-17.53.45:745][  0]LogD3D11RHI:      Driver Date: 3-16-2017
[2017.05.17-17.53.45:745][  0]LogRHI: Texture pool is 1361 MB (70% of 1945 MB)
[2017.05.17-17.53.45:755][  0]LogD3D11RHI:Warning: Timestamp queries are currently disabled on this hardware due to instability. Realtime GPU stats will not be available. You can override this behaviour by setting r.NVIDIATimestampWorkaround to 0
[2017.05.17-17.53.45:756][  0]LogD3D11RHI: [Aftermath] Aftermath enabled but failed to initialize due to reason: NvApiIncompatible
[2017.05.17-17.53.45:756][  0]LogD3D11RHI: Async texture creation enabled
[2017.05.17-17.53.45:771][  0]LogD3D11RHI: GPU Timing Frequency: 1000.000000 (Debug: 2 2)
[2017.05.17-17.53.45:819][  0]LogShaderCompilers: Guid format shader working directory is -28 characters bigger than the processId version (../../../../../../Users/ChanU/Desktop/2017_1Term/GEPrograming/TakeHomeExam/Intermediate/Shaders/WorkingDirectory/3704/).
[2017.05.17-17.53.45:819][  0]LogShaderCompilers: Cleaned the shader compiler working directory 'C:/Users/ChanU/AppData/Local/Temp/UnrealShaderWorkingDir/2C8499B64B843EEC47C644BAB85FC46D/'.
[2017.05.17-17.53.45:819][  0]LogShaderCompilers:Display: Using Local Shader Compiler.
[2017.05.17-17.53.47:073][  0]LogTemp:Display: Loaded TP AllDesktopTargetPlatform
[2017.05.17-17.53.47:153][  0]LogTemp:Display: Loaded TP MacClientTargetPlatform
[2017.05.17-17.53.47:232][  0]LogTemp:Display: Loaded TP MacNoEditorTargetPlatform
[2017.05.17-17.53.47:311][  0]LogTemp:Display: Loaded TP MacServerTargetPlatform
[2017.05.17-17.53.47:391][  0]LogTemp:Display: Loaded TP MacTargetPlatform
[2017.05.17-17.53.47:470][  0]LogTemp:Display: Loaded TP WindowsClientTargetPlatform
[2017.05.17-17.53.47:551][  0]LogTemp:Display: Loaded TP WindowsNoEditorTargetPlatform
[2017.05.17-17.53.47:631][  0]LogTemp:Display: Loaded TP WindowsServerTargetPlatform
[2017.05.17-17.53.47:701][  0]LogTemp:Display: Loaded TP WindowsTargetPlatform
[2017.05.17-17.53.47:780][  0]LogTemp:Display: Loaded TP AndroidTargetPlatform
[2017.05.17-17.53.47:859][  0]LogTemp:Display: Loaded TP Android_ASTCTargetPlatform
[2017.05.17-17.53.47:940][  0]LogTemp:Display: Loaded TP Android_ATCTargetPlatform
[2017.05.17-17.53.48:020][  0]LogTemp:Display: Loaded TP Android_DXTTargetPlatform
[2017.05.17-17.53.48:100][  0]LogTemp:Display: Loaded TP Android_ETC1TargetPlatform
[2017.05.17-17.53.48:180][  0]LogTemp:Display: Loaded TP Android_ETC2TargetPlatform
[2017.05.17-17.53.48:338][  0]LogTemp:Display: Loaded TP Android_MultiTargetPlatform
[2017.05.17-17.53.48:338][  0]LogTemp:Display: Loaded TP Android_PVRTCTargetPlatform
[2017.05.17-17.53.48:400][  0]LogTemp:Display: Loaded TP HTML5TargetPlatform
[2017.05.17-17.53.48:529][  0]LogTemp:Display: Loaded TP IOSTargetPlatform
[2017.05.17-17.53.48:572][  0]LogTemp:Display: Loaded TP TVOSTargetPlatform
[2017.05.17-17.53.48:652][  0]LogTemp:Display: Loaded TP LinuxClientTargetPlatform
[2017.05.17-17.53.48:733][  0]LogTemp:Display: Loaded TP LinuxNoEditorTargetPlatform
[2017.05.17-17.53.48:813][  0]LogTemp:Display: Loaded TP LinuxServerTargetPlatform
[2017.05.17-17.53.48:892][  0]LogTemp:Display: Loaded TP LinuxTargetPlatform
[2017.05.17-17.53.48:892][  0]LogTargetPlatformManager:Display: Building Assets For Windows
[2017.05.17-17.53.49:522][  0]LogDerivedDataCache:Display: Max Cache Size: 512 MB
[2017.05.17-17.53.49:570][  0]LogDerivedDataCache: Loaded boot cache 0.05s 50MB C:/Users/ChanU/AppData/Local/UnrealEngine/4.15/DerivedDataCache/Boot.ddc.
[2017.05.17-17.53.49:571][  0]LogDerivedDataCache:Display: Loaded Boot cache: C:/Users/ChanU/AppData/Local/UnrealEngine/4.15/DerivedDataCache/Boot.ddc
[2017.05.17-17.53.49:571][  0]LogDerivedDataCache: FDerivedDataBackendGraph:  Pak pak cache file ../../../../../../Users/ChanU/Desktop/2017_1Term/GEPrograming/TakeHomeExam/DerivedDataCache/DDC.ddp not found, will not use a pak cache.
[2017.05.17-17.53.49:571][  0]LogDerivedDataCache: Unable to find inner node Pak for hierarchical cache Hierarchy.
[2017.05.17-17.53.49:571][  0]LogDerivedDataCache: FDerivedDataBackendGraph:  CompressedPak pak cache file ../../../../../../Users/ChanU/Desktop/2017_1Term/GEPrograming/TakeHomeExam/DerivedDataCache/Compressed.ddp not found, will not use a pak cache.
[2017.05.17-17.53.49:571][  0]LogDerivedDataCache: Unable to find inner node CompressedPak for hierarchical cache Hierarchy.
[2017.05.17-17.53.49:589][  0]LogDerivedDataCache:Display: Pak cache opened for reading ../../../Engine/DerivedDataCache/Compressed.ddp.
[2017.05.17-17.53.49:601][  0]LogDerivedDataCache: Using Local data cache path C:/Users/ChanU/AppData/Local/UnrealEngine/Common/DerivedDataCache: Writable
[2017.05.17-17.53.49:610][  0]LogSlate: Using Freetype 2.6.0
[2017.05.17-17.53.49:611][  0]LogSlate: SlateFontCache - WITH_FREETYPE: 1, WITH_HARFBUZZ: 1
[2017.05.17-17.53.49:611][  0]LogSlate: SlateFontCache - WITH_FREETYPE: 1, WITH_HARFBUZZ: 1
[2017.05.17-17.53.49:962][  0]LogInit: Selected Device Profile: [Windows]
[2017.05.17-17.53.49:964][  0]LogContentStreaming: Texture pool size is 0.00 MB
[2017.05.17-17.53.50:243][  0]LogMeshUtilities: Using QuadricMeshReduction for automatic static mesh reduction
[2017.05.17-17.53.50:310][  0]LogSimplygon: Simplygon DLL not present - disabling.
[2017.05.17-17.53.50:383][  0]LogMeshUtilities: Using SimplygonSwarm for distributed automatic mesh merging
[2017.05.17-17.53.50:383][  0]LogMeshUtilities: No automatic skeletal mesh reduction module available
[2017.05.17-17.53.50:383][  0]LogMeshUtilities: No automatic mesh merging module available
[2017.05.17-17.53.51:042][  0]LogNetVersion: GetLocalNetworkVersion: CL: 3299760, ProjectName: takehomeexam, ProjectVersion: , EngineNetworkVersion: 2, GameNetworkVersion: 0, NetworkChecksum: 2618571837
[2017.05.17-17.53.51:097][  0]LogAssetRegistry: FAssetRegistry took 0.0205 seconds to start up
[2017.05.17-17.53.51:143][  0]LogPackageLocalizationCache: Processed 3 localized package path(s) for 1 prioritized culture(s) in 0.013152 seconds
[2017.05.17-17.53.51:148][  0]LogUObjectArray: 32493 objects as part of root set at end of initial load.
[2017.05.17-17.53.51:148][  0]LogUObjectAllocator: 7077024 out of 0 bytes used by permanent object pool.
[2017.05.17-17.53.51:148][  0]LogUObjectArray: CloseDisregardForGC: 0/0 objects in disregard for GC pool
[2017.05.17-17.53.51:240][  0]LogInit: WinSock: version 1.1 (2.2), MaxSocks=32767, MaxUdp=65467
[2017.05.17-17.53.53:725][  0]LogTcpMessaging: Initializing TcpMessaging bridge
[2017.05.17-17.53.53:776][  0]LogUdpMessaging: Initializing bridge on interface 0.0.0.0:0 to multicast group 230.0.0.1:6666.
[2017.05.17-17.53.54:458][  0]LogMaterial: Uniform references updated for custom material expression Custom.
[2017.05.17-17.53.55:026][  0]SourceControl: Info Source control is disabled
[2017.05.17-17.53.55:099][  0]SourceControl: Info Source control is disabled
[2017.05.17-17.53.55:176][  0]SourceControl: Info Source control is disabled
[2017.05.17-17.53.55:250][  0]SourceControl: Info Source control is disabled
[2017.05.17-17.53.57:170][  0]LogEngine: Initializing Engine...
[2017.05.17-17.53.57:170][  0]LogHMD: Failed to initialize OpenVR with code 110
[2017.05.17-17.53.57:292][  0]LogStats: UGameplayTagsManager::ConstructGameplayTagTree: Construct from data asset -  0.000 s
[2017.05.17-17.53.57:292][  0]LogStats: UGameplayTagsManager::ConstructGameplayTagTree: GameplayTagTreeChangedEvent.Broadcast -  0.000 s
[2017.05.17-17.53.57:488][  0]LogAIModule: Creating AISystem for world Untitled
[2017.05.17-17.53.57:533][  0]LogInit: XAudio2 using '스피커(Realtek High Definition Audio)' : 2 channels at 48 kHz using 32 bits per sample (channel mask 0x3)
[2017.05.17-17.53.57:806][  0]LogInit: FAudioDevice initialized.
[2017.05.17-17.53.57:833][  0]LogDerivedDataCache: Saved boot cache 0.03s 50MB C:/Users/ChanU/AppData/Local/UnrealEngine/4.15/DerivedDataCache/Boot.ddc.
[2017.05.17-17.53.57:839][  0]LogInit: Texture streaming: Enabled
[2017.05.17-17.53.57:972][  0]LogEngineSessionManager: EngineSessionManager initialized
[2017.05.17-17.53.58:134][  0]LogInit: Transaction tracking system initialized
[2017.05.17-17.53.58:727][  0]BlueprintLog: New page: Editor Load
[2017.05.17-17.54.00:250][  0]LocalizationService: Info Localization service is disabled
[2017.05.17-17.54.01:386][  0]LogConsoleResponse:Display: 
[2017.05.17-17.54.01:534][  0]LogCook:Display: Max memory allowance for cook 16384mb min free memory 0mb
[2017.05.17-17.54.01:534][  0]LogCook:Display: Mobile HDR setting 1
[2017.05.17-17.54.01:763][  0]LogFileCache: Scanning file cache for directory 'C:/Users/ChanU/Desktop/2017_1Term/GEPrograming/TakeHomeExam/Content/' took 0.01s
[2017.05.17-17.54.03:186][  0]SourceControl: Info Source control is disabled
[2017.05.17-17.54.03:186][  0]Cmd: MAP LOAD FILE="../../../Engine/Content/Maps/Templates/Template_Default.umap" TEMPLATE=1 SHOWPROGRESS=1 FEATURELEVEL=3
[2017.05.17-17.54.03:187][  0]LightingResults: New page: Lighting Build
[2017.05.17-17.54.03:251][  0]MapCheck: New page: Map Check
[2017.05.17-17.54.03:251][  0]LightingResults: New page: Lighting Build
[2017.05.17-17.54.03:451][  0]LogAIModule: Creating AISystem for world Untitled_1
[2017.05.17-17.54.03:470][  0]LogActorComponent: RegisterComponentWithWorld: (/Temp/Untitled_1.Untitled_1:PersistentLevel.WorldSettings_1.StaticMeshComponent0) Trying to register component with IsPendingKill() == true. Aborting.
[2017.05.17-17.54.03:474][  0]LogEditorServer: Finished looking for orphan Actors (0.000 secs)
[2017.05.17-17.54.03:477][  0]Cmd: MAP CHECKDEP NOCLEARLOG
[2017.05.17-17.54.03:552][  0]MapCheck: Info Map check complete: 0 Error(s), 0 Warning(s), took 74.306ms to complete.
[2017.05.17-17.54.03:552][  0]LogFileHelpers: Loading map 'Template_Default' took 0.365
[2017.05.17-17.54.03:731][  0]LogCollectionManager: Loaded 0 collections in 0.002238 seconds
[2017.05.17-17.54.03:838][  0]LogFileCache: Scanning file cache for directory 'C:/Users/ChanU/Desktop/2017_1Term/GEPrograming/TakeHomeExam/Saved/Collections/' took 0.01s
[2017.05.17-17.54.03:838][  0]LogFileCache: Scanning file cache for directory 'C:/Users/ChanU/Desktop/2017_1Term/GEPrograming/TakeHomeExam/Content/Developers/ChanU/Collections/' took 0.01s
[2017.05.17-17.54.03:838][  0]LogFileCache: Scanning file cache for directory 'C:/Users/ChanU/Desktop/2017_1Term/GEPrograming/TakeHomeExam/Content/Collections/' took 0.01s
[2017.05.17-17.54.03:838][  0]LogCollectionManager: Rebuilt the GUID cache for 0 collections in 0.000001 seconds
[2017.05.17-17.54.03:847][  0]LogContentBrowser: Native class hierarchy populated in 0.0093 seconds. Added 2245 classes and 453 folders.
[2017.05.17-17.54.03:947][  0]LogContentBrowser: Native class hierarchy updated for 'WidgetCarousel' in 0.0006 seconds. Added 0 classes and 0 folders.
[2017.05.17-17.54.04:020][  0]LogContentBrowser: Native class hierarchy updated for 'AddContentDialog' in 0.0005 seconds. Added 0 classes and 0 folders.
[2017.05.17-17.54.04:087][  0]LogContentBrowser: Native class hierarchy updated for 'SceneOutliner' in 0.0006 seconds. Added 1 classes and 2 folders.
[2017.05.17-17.54.04:209][  0]LogCrashTracker: Crashtracker disabled due to settings.
[2017.05.17-17.54.04:218][  0]LogUObjectGlobals:Warning: Failed to find object 'Class None.'
[2017.05.17-17.54.04:308][  0]LogContentBrowser: Native class hierarchy updated for 'HierarchicalLODOutliner' in 0.0007 seconds. Added 1 classes and 2 folders.
[2017.05.17-17.54.04:309][  0]LogLoad: (Engine Initialization) Total time: 22.19 seconds
[2017.05.17-17.54.04:309][  0]LogLoad: (Engine Initialization) Total Blueprint compile time: 0.11 seconds
[2017.05.17-17.54.04:309][  0]LogExternalProfiler: Found external profiler: VSPerf
[2017.05.17-17.54.04:309][  0]LogExternalProfiler: Using external profiler: VSPerf
[2017.05.17-17.54.04:329][  0]LogOcInput: OculusInput pre-init called
[2017.05.17-17.54.04:351][  0]LogContentStreaming: Texture pool size now 1000 MB
[2017.05.17-17.54.04:352][  0]LogSlate: Took 0.000311 seconds to synchronously load lazily loaded font '../../../Engine/Content/Slate/Fonts/Roboto-Regular.ttf' (155K)
[2017.05.17-17.54.04:355][  0]LogSlate: Took 0.000288 seconds to synchronously load lazily loaded font '../../../Engine/Content/Slate/Fonts/Roboto-Bold.ttf' (160K)
[2017.05.17-17.54.04:361][  0]LogSlate: Took 0.000238 seconds to synchronously load lazily loaded font '../../../Engine/Content/Editor/Slate/Fonts/FontAwesome.ttf' (139K)
[2017.05.17-17.54.04:473][  0]LogSlate: Took 0.000417 seconds to synchronously load lazily loaded font '../../../Engine/Content/Slate/Fonts/Roboto-Light.ttf' (159K)
[2017.05.17-17.54.04:526][  0]LogRenderer: Reallocating scene render targets to support 1208x576 NumSamples 1 (Frame:2).
[2017.05.17-17.54.04:586][  1]LogAssetRegistry: Asset discovery search completed in 13.5106 seconds
[2017.05.17-17.54.04:586][  1]LogCollectionManager: Rebuilt the object cache for 0 collections in 0.000003 seconds (found 0 objects)
[2017.05.17-17.54.04:586][  1]LogCollectionManager: Fixed up redirectors for 0 collections in 0.000018 seconds (updated 0 objects)
